# JRE version: OpenJDK Runtime Environment Temurin-17.0.12+7 (17.0.12+7) (build 17.0.12+7)
# Java VM: OpenJDK 64-Bit Server VM Temurin-17.0.12+7 (17.0.12+7, mixed mode, emulated-client, tiered, compressed oops, compressed class ptrs, g1 gc, windows-amd64)
GC Precious Log:
 CPUs: 12 total, 12 available
 Memory: 7365M
 Large Page Support: Disabled
 NUMA Support: Disabled
 Compressed Oops: Enabled (32-bit)
 Heap Region Size: 1M
 Heap Min Capacity: 8M
 Heap Initial Capacity: 116M
 Heap Max Capacity: 1G
 Pre-touch: Disabled
 Parallel Workers: 10
 Concurrent Workers: 3
 Concurrent Refinement Workers: 10
 Periodic GC: Disabled
Heap:
 garbage-first heap   total 116736K, used 41039K [0x00000000c0000000, 0x0000000100000000)
  region size 1024K, 1 young (1024K), 0 survivors (0K)
 Metaspace       used 62890K, committed 63936K, reserved 1114112K
  class space    used 7953K, committed 8320K, reserved 1048576K
GC Heap History (20 events):
Event: 3635.722 GC heap after
{Heap after GC invocations=325 (full 305):
 garbage-first heap   total 116736K, used 41039K [0x00000000c0000000, 0x0000000100000000)
  region size 1024K, 0 young (0K), 0 survivors (0K)
 Metaspace       used 62890K, committed 63936K, reserved 1114112K
  class space    used 7953K, committed 8320K, reserved 1048576K
}
Event: 3645.887 GC heap before
{Heap before GC invocations=325 (full 305):
 garbage-first heap   total 116736K, used 41039K [0x00000000c0000000, 0x0000000100000000)
  region size 1024K, 1 young (1024K), 0 survivors (0K)
 Metaspace       used 62890K, committed 63936K, reserved 1114112K
  class space    used 7953K, committed 8320K, reserved 1048576K
}
Event: 3645.921 GC heap after
{Heap after GC invocations=326 (full 306):
 garbage-first heap   total 116736K, used 41039K [0x00000000c0000000, 0x0000000100000000)
  region size 1024K, 0 young (0K), 0 survivors (0K)
 Metaspace       used 62890K, committed 63936K, reserved 1114112K
  class space    used 7953K, committed 8320K, reserved 1048576K
}
Event: 3656.088 GC heap before
{Heap before GC invocations=326 (full 306):
 garbage-first heap   total 116736K, used 41039K [0x00000000c0000000, 0x0000000100000000)
  region size 1024K, 1 young (1024K), 0 survivors (0K)
 Metaspace       used 62890K, committed 63936K, reserved 1114112K
  class space    used 7953K, committed 8320K, reserved 1048576K
}
Event: 3656.134 GC heap after
{Heap after GC invocations=327 (full 307):
 garbage-first heap   total 116736K, used 41039K [0x00000000c0000000, 0x0000000100000000)
  region size 1024K, 0 young (0K), 0 survivors (0K)
 Metaspace       used 62890K, committed 63936K, reserved 1114112K
  class space    used 7953K, committed 8320K, reserved 1048576K
}
Event: 3666.338 GC heap before
{Heap before GC invocations=327 (full 307):
 garbage-first heap   total 116736K, used 41039K [0x00000000c0000000, 0x0000000100000000)
  region size 1024K, 1 young (1024K), 0 survivors (0K)
 Metaspace       used 62890K, committed 63936K, reserved 1114112K
  class space    used 7953K, committed 8320K, reserved 1048576K
}
Event: 3666.379 GC heap after
{Heap after GC invocations=328 (full 308):
 garbage-first heap   total 116736K, used 41039K [0x00000000c0000000, 0x0000000100000000)
  region size 1024K, 0 young (0K), 0 survivors (0K)
 Metaspace       used 62890K, committed 63936K, reserved 1114112K
  class space    used 7953K, committed 8320K, reserved 1048576K
}
Event: 3676.540 GC heap before
{Heap before GC invocations=328 (full 308):
 garbage-first heap   total 116736K, used 41039K [0x00000000c0000000, 0x0000000100000000)
  region size 1024K, 1 young (1024K), 0 survivors (0K)
 Metaspace       used 62890K, committed 63936K, reserved 1114112K
  class space    used 7953K, committed 8320K, reserved 1048576K
}
Event: 3676.573 GC heap after
{Heap after GC invocations=329 (full 309):
 garbage-first heap   total 116736K, used 41039K [0x00000000c0000000, 0x0000000100000000)
  region size 1024K, 0 young (0K), 0 survivors (0K)
 Metaspace       used 62890K, committed 63936K, reserved 1114112K
  class space    used 7953K, committed 8320K, reserved 1048576K
}
Event: 3686.721 GC heap before
{Heap before GC invocations=329 (full 309):
 garbage-first heap   total 116736K, used 41039K [0x00000000c0000000, 0x0000000100000000)
  region size 1024K, 1 young (1024K), 0 survivors (0K)
 Metaspace       used 62890K, committed 63936K, reserved 1114112K
  class space    used 7953K, committed 8320K, reserved 1048576K
}
Event: 3686.756 GC heap after
{Heap after GC invocations=330 (full 310):
 garbage-first heap   total 116736K, used 41039K [0x00000000c0000000, 0x0000000100000000)
  region size 1024K, 0 young (0K), 0 survivors (0K)
 Metaspace       used 62890K, committed 63936K, reserved 1114112K
  class space    used 7953K, committed 8320K, reserved 1048576K
}
Event: 3696.919 GC heap before
{Heap before GC invocations=330 (full 310):
 garbage-first heap   total 116736K, used 41039K [0x00000000c0000000, 0x0000000100000000)
  region size 1024K, 1 young (1024K), 0 survivors (0K)
 Metaspace       used 62890K, committed 63936K, reserved 1114112K
  class space    used 7953K, committed 8320K, reserved 1048576K
}
Event: 3696.951 GC heap after
{Heap after GC invocations=331 (full 311):
 garbage-first heap   total 116736K, used 41039K [0x00000000c0000000, 0x0000000100000000)
  region size 1024K, 0 young (0K), 0 survivors (0K)
 Metaspace       used 62890K, committed 63936K, reserved 1114112K
  class space    used 7953K, committed 8320K, reserved 1048576K
}
Event: 3707.120 GC heap before
{Heap before GC invocations=331 (full 311):
 garbage-first heap   total 116736K, used 41039K [0x00000000c0000000, 0x0000000100000000)
  region size 1024K, 1 young (1024K), 0 survivors (0K)
 Metaspace       used 62890K, committed 63936K, reserved 1114112K
  class space    used 7953K, committed 8320K, reserved 1048576K
}
Event: 3707.155 GC heap after
{Heap after GC invocations=332 (full 312):
 garbage-first heap   total 116736K, used 41039K [0x00000000c0000000, 0x0000000100000000)
  region size 1024K, 0 young (0K), 0 survivors (0K)
 Metaspace       used 62890K, committed 63936K, reserved 1114112K
  class space    used 7953K, committed 8320K, reserved 1048576K
}
Event: 3717.404 GC heap before
{Heap before GC invocations=332 (full 312):
 garbage-first heap   total 116736K, used 41039K [0x00000000c0000000, 0x0000000100000000)
  region size 1024K, 1 young (1024K), 0 survivors (0K)
 Metaspace       used 62890K, committed 63936K, reserved 1114112K
  class space    used 7953K, committed 8320K, reserved 1048576K
}
Event: 3717.455 GC heap after
{Heap after GC invocations=333 (full 313):
 garbage-first heap   total 116736K, used 41039K [0x00000000c0000000, 0x0000000100000000)
  region size 1024K, 0 young (0K), 0 survivors (0K)
 Metaspace       used 62890K, committed 63936K, reserved 1114112K
  class space    used 7953K, committed 8320K, reserved 1048576K
}
Event: 3727.659 GC heap before
{Heap before GC invocations=333 (full 313):
 garbage-first heap   total 116736K, used 41039K [0x00000000c0000000, 0x0000000100000000)
  region size 1024K, 1 young (1024K), 0 survivors (0K)
 Metaspace       used 62890K, committed 63936K, reserved 1114112K
  class space    used 7953K, committed 8320K, reserved 1048576K
}
Event: 3727.694 GC heap after
{Heap after GC invocations=334 (full 314):
 garbage-first heap   total 116736K, used 41039K [0x00000000c0000000, 0x0000000100000000)
  region size 1024K, 0 young (0K), 0 survivors (0K)
 Metaspace       used 62890K, committed 63936K, reserved 1114112K
  class space    used 7953K, committed 8320K, reserved 1048576K
}
Event: 3737.730 GC heap before
{Heap before GC invocations=334 (full 314):
 garbage-first heap   total 116736K, used 41039K [0x00000000c0000000, 0x0000000100000000)
  region size 1024K, 1 young (1024K), 0 survivors (0K)
 Metaspace       used 62890K, committed 63936K, reserved 1114112K
  class space    used 7953K, committed 8320K, reserved 1048576K
}

